<?xml version="1.0" encoding="UTF-8"?>
<testsuites name="TORIS-523 Test Suite" time="52" tests="1" failures="0" errors="0">
   <testsuite name="TORIS-523 Test Suite" tests="1" failures="0" errors="0" time="52" timestamp="2018-12-17 12:58:07" hostname="Saa - Lebbie-PC" id="Test Suites/TORIS-523 Test Suite">
      <properties>
         <property name="deviceName" value=""/>
         <property name="devicePlatform" value=""/>
         <property name="logFolder" value="C:\\Users\\Saa\\Katalon Studio\\ShipView\\Reports\\TORIS-523 Test Suite\\20181217_125635"/>
         <property name="logFiles" value="C:\\Users\\Saa\\Katalon Studio\\ShipView\\Reports\\TORIS-523 Test Suite\\20181217_125635\\execution0.log, C:\\Users\\Saa\\Katalon Studio\\ShipView\\Reports\\TORIS-523 Test Suite\\20181217_125635\\IEDriverServer.log"/>
         <property name="attachments" value=""/>
         <property name="hostName" value="Saa - Lebbie-PC"/>
         <property name="os" value="Windows 10 64bit"/>
         <property name="katalonVersion" value="5.9.1.2"/>
         <property name="browser" value="IE 11"/>
         <property name="hostAddress" value="10.0.75.1"/>
         <property name="sessionId" value="06472102-7f4a-42ae-ae5f-25184cb41945"/>
         <property name="seleniumVersion" value="3.7.1"/>
         <property name="proxyInformation" value="ProxyInformation{proxyOption=NO_PROXY, proxyServerType=HTTP, password=, proxyServerAddress=, proxyServerPort=0}"/>
         <property name="platform" value="Windows 10"/>
      </properties>
      <testcase name="Test Cases/TORIS-523 Test Ship View - Google Chrome - FOM Dashboard export functionality Dev Team role" classname="Test Cases/TORIS-523 Test Ship View - Google Chrome - FOM Dashboard export functionality Dev Team role" status="PASSED">
         <system-out><![CDATA[2018-12-17 12:58:07 - [TEST_CASE][PASSED] - Test Cases/TORIS-523 Test Ship View - Google Chrome - FOM Dashboard export functionality Dev Team role: Test Cases/TORIS-523 Test Ship View - Google Chrome - FOM Dashboard export functionality Dev Team role

2018-12-17 12:58:08 - [TEST_STEP][PASSED] - openBrowser(""): Browser is opened with url: ''

2018-12-17 12:58:08 - [MESSAGE][INFO] - Starting 'IE' driver

2018-12-17 12:58:08 - [MESSAGE][INFO] - Action delay is set to 0 seconds

2018-12-17 12:58:11 - [MESSAGE][PASSED] - Browser is opened with url: ''

2018-12-17 12:58:11 - [TEST_STEP][PASSED] - navigateToUrl("https://toris-demo.solute.us/Extranet/Default.aspx?MSG=100"): Navigate to 'https://toris-demo.solute.us/Extranet/Default.aspx?MSG=100' successfully

2018-12-17 12:58:13 - [MESSAGE][PASSED] - Navigate to 'https://toris-demo.solute.us/Extranet/Default.aspx?MSG=100' successfully

2018-12-17 12:58:13 - [TEST_STEP][PASSED] - click(findTestObject("Object Repository/TORIS-525 Testing the FOM Dashboard Excel export functionality/Page_ATG Extranet/input_You have logged outThank")): Object: 'Object Repository/TORIS-525 Testing the FOM Dashboard Excel export functionality/Page_ATG Extranet/input_You have logged outThank' is clicked on

2018-12-17 12:58:15 - [MESSAGE][PASSED] - Object: 'Object Repository/TORIS-525 Testing the FOM Dashboard Excel export functionality/Page_ATG Extranet/input_You have logged outThank' is clicked on

2018-12-17 12:58:15 - [TEST_STEP][PASSED] - setText(findTestObject("Object Repository/TORIS-525 Testing the FOM Dashboard Excel export functionality/Page_ATG Extranet/input_Username_ctl00cphtbx_use"), "Saa"): Text 'Saa' is set on object 'Object Repository/TORIS-525 Testing the FOM Dashboard Excel export functionality/Page_ATG Extranet/input_Username_ctl00cphtbx_use'

2018-12-17 12:58:16 - [MESSAGE][PASSED] - Text 'Saa' is set on object 'Object Repository/TORIS-525 Testing the FOM Dashboard Excel export functionality/Page_ATG Extranet/input_Username_ctl00cphtbx_use'

2018-12-17 12:58:16 - [TEST_STEP][PASSED] - setEncryptedText(findTestObject("Object Repository/TORIS-525 Testing the FOM Dashboard Excel export functionality/Page_ATG Extranet/input_Password_ctl00cphtbx_pas"), "0cU2R0tWEjl49ICU6OTr2A=="): Text ****** has been set on object 'Object Repository/TORIS-525 Testing the FOM Dashboard Excel export functionality/Page_ATG Extranet/input_Password_ctl00cphtbx_pas'

2018-12-17 12:58:16 - [MESSAGE][PASSED] - Text ****** has been set on object 'Object Repository/TORIS-525 Testing the FOM Dashboard Excel export functionality/Page_ATG Extranet/input_Password_ctl00cphtbx_pas'

2018-12-17 12:58:16 - [TEST_STEP][PASSED] - click(findTestObject("Object Repository/TORIS-525 Testing the FOM Dashboard Excel export functionality/Page_ATG Extranet/input_By entering the requeste")): Object: 'Object Repository/TORIS-525 Testing the FOM Dashboard Excel export functionality/Page_ATG Extranet/input_By entering the requeste' is clicked on

2018-12-17 12:58:18 - [MESSAGE][PASSED] - Object: 'Object Repository/TORIS-525 Testing the FOM Dashboard Excel export functionality/Page_ATG Extranet/input_By entering the requeste' is clicked on

2018-12-17 12:58:18 - [TEST_STEP][PASSED] - click(findTestObject("Object Repository/TORIS-525 Testing the FOM Dashboard Excel export functionality/Page_ATG Extranet/a_Ship View")): Object: 'Object Repository/TORIS-525 Testing the FOM Dashboard Excel export functionality/Page_ATG Extranet/a_Ship View' is clicked on

2018-12-17 12:58:20 - [MESSAGE][PASSED] - Object: 'Object Repository/TORIS-525 Testing the FOM Dashboard Excel export functionality/Page_ATG Extranet/a_Ship View' is clicked on

2018-12-17 12:58:20 - [TEST_STEP][PASSED] - click(findTestObject("Object Repository/TORIS-525 Testing the FOM Dashboard Excel export functionality/Page_Ship View/div_ESSEX (LHD 2)Ship")): Object: 'Object Repository/TORIS-525 Testing the FOM Dashboard Excel export functionality/Page_Ship View/div_ESSEX (LHD 2)Ship' is clicked on

2018-12-17 12:58:23 - [MESSAGE][PASSED] - Object: 'Object Repository/TORIS-525 Testing the FOM Dashboard Excel export functionality/Page_Ship View/div_ESSEX (LHD 2)Ship' is clicked on

2018-12-17 12:58:23 - [TEST_STEP][PASSED] - click(findTestObject("Object Repository/TORIS-525 Testing the FOM Dashboard Excel export functionality/Page_Ship View/span_ANZIO (CG 68)")): Object: 'Object Repository/TORIS-525 Testing the FOM Dashboard Excel export functionality/Page_Ship View/span_ANZIO (CG 68)' is clicked on

2018-12-17 12:58:24 - [MESSAGE][PASSED] - Object: 'Object Repository/TORIS-525 Testing the FOM Dashboard Excel export functionality/Page_Ship View/span_ANZIO (CG 68)' is clicked on

2018-12-17 12:58:24 - [TEST_STEP][PASSED] - delay(3): Delayed 3 second(s)

2018-12-17 12:58:27 - [MESSAGE][PASSED] - Delayed 3 second(s)

2018-12-17 12:58:27 - [TEST_STEP][PASSED] - click(findTestObject("Object Repository/TORIS-525 Testing the FOM Dashboard Excel export functionality/Page_Ship View/mat-icon_Ship_fa-lg mat-icon n")): Object: 'Object Repository/TORIS-525 Testing the FOM Dashboard Excel export functionality/Page_Ship View/mat-icon_Ship_fa-lg mat-icon n' is clicked on

2018-12-17 12:58:29 - [MESSAGE][PASSED] - Object: 'Object Repository/TORIS-525 Testing the FOM Dashboard Excel export functionality/Page_Ship View/mat-icon_Ship_fa-lg mat-icon n' is clicked on

2018-12-17 12:58:29 - [TEST_STEP][PASSED] - click(findTestObject("Object Repository/TORIS-525 Testing the FOM Dashboard Excel export functionality/Page_Ship View/div_ANZIO (CG 68)Ship")): Object: 'Object Repository/TORIS-525 Testing the FOM Dashboard Excel export functionality/Page_Ship View/div_ANZIO (CG 68)Ship' is clicked on

2018-12-17 12:58:30 - [MESSAGE][PASSED] - Object: 'Object Repository/TORIS-525 Testing the FOM Dashboard Excel export functionality/Page_Ship View/div_ANZIO (CG 68)Ship' is clicked on

2018-12-17 12:58:30 - [TEST_STEP][PASSED] - delay(3): Delayed 3 second(s)

2018-12-17 12:58:33 - [MESSAGE][PASSED] - Delayed 3 second(s)

2018-12-17 12:58:33 - [TEST_STEP][PASSED] - click(findTestObject("Object Repository/TORIS-525 Testing the FOM Dashboard Excel export functionality/Page_Ship View/span_MAHAN (DDG 72)")): Object: 'Object Repository/TORIS-525 Testing the FOM Dashboard Excel export functionality/Page_Ship View/span_MAHAN (DDG 72)' is clicked on

2018-12-17 12:58:35 - [MESSAGE][PASSED] - Object: 'Object Repository/TORIS-525 Testing the FOM Dashboard Excel export functionality/Page_Ship View/span_MAHAN (DDG 72)' is clicked on

2018-12-17 12:58:35 - [TEST_STEP][PASSED] - delay(3): Delayed 3 second(s)

2018-12-17 12:58:38 - [MESSAGE][PASSED] - Delayed 3 second(s)

2018-12-17 12:58:38 - [TEST_STEP][PASSED] - click(findTestObject("Object Repository/TORIS-525 Testing the FOM Dashboard Excel export functionality/Page_Ship View/mat-icon_Ship_fa-lg mat-icon n")): Object: 'Object Repository/TORIS-525 Testing the FOM Dashboard Excel export functionality/Page_Ship View/mat-icon_Ship_fa-lg mat-icon n' is clicked on

2018-12-17 12:58:39 - [MESSAGE][PASSED] - Object: 'Object Repository/TORIS-525 Testing the FOM Dashboard Excel export functionality/Page_Ship View/mat-icon_Ship_fa-lg mat-icon n' is clicked on

2018-12-17 12:58:39 - [TEST_STEP][PASSED] - delay(3): Delayed 3 second(s)

2018-12-17 12:58:42 - [MESSAGE][PASSED] - Delayed 3 second(s)

2018-12-17 12:58:42 - [TEST_STEP][PASSED] - click(findTestObject("Object Repository/TORIS-525 Testing the FOM Dashboard Excel export functionality/Page_Ship View/div_MAHAN (DDG 72)Ship")): Object: 'Object Repository/TORIS-525 Testing the FOM Dashboard Excel export functionality/Page_Ship View/div_MAHAN (DDG 72)Ship' is clicked on

2018-12-17 12:58:43 - [MESSAGE][PASSED] - Object: 'Object Repository/TORIS-525 Testing the FOM Dashboard Excel export functionality/Page_Ship View/div_MAHAN (DDG 72)Ship' is clicked on

2018-12-17 12:58:43 - [TEST_STEP][PASSED] - click(findTestObject("Object Repository/TORIS-525 Testing the FOM Dashboard Excel export functionality/Page_Ship View/span_ZEPHYR (PC 8)")): Object: 'Object Repository/TORIS-525 Testing the FOM Dashboard Excel export functionality/Page_Ship View/span_ZEPHYR (PC 8)' is clicked on

2018-12-17 12:58:44 - [MESSAGE][PASSED] - Object: 'Object Repository/TORIS-525 Testing the FOM Dashboard Excel export functionality/Page_Ship View/span_ZEPHYR (PC 8)' is clicked on

2018-12-17 12:58:44 - [TEST_STEP][PASSED] - delay(3): Delayed 3 second(s)

2018-12-17 12:58:47 - [MESSAGE][PASSED] - Delayed 3 second(s)

2018-12-17 12:58:47 - [TEST_STEP][PASSED] - click(findTestObject("Object Repository/TORIS-525 Testing the FOM Dashboard Excel export functionality/Page_Ship View/mat-icon_Ship_fa-lg mat-icon n")): Object: 'Object Repository/TORIS-525 Testing the FOM Dashboard Excel export functionality/Page_Ship View/mat-icon_Ship_fa-lg mat-icon n' is clicked on

2018-12-17 12:58:49 - [MESSAGE][PASSED] - Object: 'Object Repository/TORIS-525 Testing the FOM Dashboard Excel export functionality/Page_Ship View/mat-icon_Ship_fa-lg mat-icon n' is clicked on

2018-12-17 12:58:49 - [TEST_STEP][PASSED] - delay(10): Delayed 10 second(s)

2018-12-17 12:58:59 - [MESSAGE][PASSED] - Delayed 10 second(s)]]></system-out>
         <system-err><![CDATA[]]></system-err>
      </testcase>
      <system-out><![CDATA[2018-12-17 12:58:07 - [TEST_SUITE][PASSED] - TORIS-523 Test Suite: Test Cases/TORIS-523 Test Ship View - Google Chrome - FOM Dashboard export functionality Dev Team role]]></system-out>
      <system-err><![CDATA[]]></system-err>
   </testsuite>
</testsuites>
