<?xml version="1.0" encoding="UTF-8"?>
<testsuites name="TORIS-328 Test Suite" time="32" tests="1" failures="0" errors="0">
   <testsuite name="TORIS-328 Test Suite" tests="1" failures="0" errors="0" time="32" timestamp="2019-01-02 14:14:19" hostname="Saa - Lebbie-PC" id="Test Suites/TORIS-328 Test Suite">
      <properties>
         <property name="deviceName" value=""/>
         <property name="devicePlatform" value=""/>
         <property name="logFolder" value="C:\\Users\\Saa\\Katalon Studio\\ShipView\\Reports\\TORIS-328 Test Suite\\20190102_141403"/>
         <property name="logFiles" value="C:\\Users\\Saa\\Katalon Studio\\ShipView\\Reports\\TORIS-328 Test Suite\\20190102_141403\\execution0.log"/>
         <property name="attachments" value=""/>
         <property name="hostName" value="Saa - Lebbie-PC"/>
         <property name="os" value="Windows 10 64bit"/>
         <property name="katalonVersion" value="5.9.1.2"/>
         <property name="browser" value="Chrome 71.0.3578.98"/>
         <property name="hostAddress" value="10.0.75.1"/>
         <property name="sessionId" value="3014b97344aaf490f713fff8ae119903"/>
         <property name="seleniumVersion" value="3.7.1"/>
         <property name="proxyInformation" value="ProxyInformation{proxyOption=NO_PROXY, proxyServerType=HTTP, password=, proxyServerAddress=, proxyServerPort=0}"/>
         <property name="platform" value="Windows 10"/>
      </properties>
      <testcase name="Test Cases/TORIS-328 Test Ship View -  Experience Entry drop down menu" classname="Test Cases/TORIS-328 Test Ship View -  Experience Entry drop down menu" status="PASSED">
         <system-out><![CDATA[2019-01-02 14:14:19 - [TEST_CASE][PASSED] - Test Cases/TORIS-328 Test Ship View -  Experience Entry drop down menu: Test Cases/TORIS-328 Test Ship View -  Experience Entry drop down menu

2019-01-02 14:14:20 - [TEST_STEP][PASSED] - openBrowser(""): Browser is opened with url: ''

2019-01-02 14:14:20 - [MESSAGE][INFO] - Starting 'Chrome' driver

2019-01-02 14:14:20 - [MESSAGE][INFO] - Action delay is set to 0 seconds

2019-01-02 14:14:24 - [MESSAGE][PASSED] - Browser is opened with url: ''

2019-01-02 14:14:24 - [TEST_STEP][PASSED] - navigateToUrl("https://toris-demo.solute.us/Extranet/Default.aspx?MSG=100"): Navigate to 'https://toris-demo.solute.us/Extranet/Default.aspx?MSG=100' successfully

2019-01-02 14:14:25 - [MESSAGE][PASSED] - Navigate to 'https://toris-demo.solute.us/Extranet/Default.aspx?MSG=100' successfully

2019-01-02 14:14:25 - [TEST_STEP][PASSED] - click(findTestObject("TORIS-328 Test Ship View - Experience Entry drop down menu/Page_ATG Extranet/input_You have logged outThank")): Object: 'Object Repository/TORIS-328 Test Ship View - Experience Entry drop down menu/Page_ATG Extranet/input_You have logged outThank' is clicked on

2019-01-02 14:14:26 - [MESSAGE][PASSED] - Object: 'Object Repository/TORIS-328 Test Ship View - Experience Entry drop down menu/Page_ATG Extranet/input_You have logged outThank' is clicked on

2019-01-02 14:14:26 - [TEST_STEP][PASSED] - setText(findTestObject("TORIS-328 Test Ship View - Experience Entry drop down menu/Page_ATG Extranet/input_Username_ctl00cphtbx_use"), "Saa"): Text 'Saa' is set on object 'Object Repository/TORIS-328 Test Ship View - Experience Entry drop down menu/Page_ATG Extranet/input_Username_ctl00cphtbx_use'

2019-01-02 14:14:26 - [MESSAGE][PASSED] - Text 'Saa' is set on object 'Object Repository/TORIS-328 Test Ship View - Experience Entry drop down menu/Page_ATG Extranet/input_Username_ctl00cphtbx_use'

2019-01-02 14:14:26 - [TEST_STEP][PASSED] - setEncryptedText(findTestObject("TORIS-328 Test Ship View - Experience Entry drop down menu/Page_ATG Extranet/input_Password_ctl00cphtbx_pas"), "0cU2R0tWEjl49ICU6OTr2A=="): Text ****** has been set on object 'Object Repository/TORIS-328 Test Ship View - Experience Entry drop down menu/Page_ATG Extranet/input_Password_ctl00cphtbx_pas'

2019-01-02 14:14:27 - [MESSAGE][PASSED] - Text ****** has been set on object 'Object Repository/TORIS-328 Test Ship View - Experience Entry drop down menu/Page_ATG Extranet/input_Password_ctl00cphtbx_pas'

2019-01-02 14:14:27 - [TEST_STEP][PASSED] - click(findTestObject("TORIS-328 Test Ship View - Experience Entry drop down menu/Page_ATG Extranet/input_By entering the requeste")): Object: 'Object Repository/TORIS-328 Test Ship View - Experience Entry drop down menu/Page_ATG Extranet/input_By entering the requeste' is clicked on

2019-01-02 14:14:29 - [MESSAGE][PASSED] - Object: 'Object Repository/TORIS-328 Test Ship View - Experience Entry drop down menu/Page_ATG Extranet/input_By entering the requeste' is clicked on

2019-01-02 14:14:29 - [TEST_STEP][PASSED] - click(findTestObject("TORIS-328 Test Ship View - Experience Entry drop down menu/Page_ATG Extranet/a_Ship View")): Object: 'Object Repository/TORIS-328 Test Ship View - Experience Entry drop down menu/Page_ATG Extranet/a_Ship View' is clicked on

2019-01-02 14:14:30 - [MESSAGE][PASSED] - Object: 'Object Repository/TORIS-328 Test Ship View - Experience Entry drop down menu/Page_ATG Extranet/a_Ship View' is clicked on

2019-01-02 14:14:30 - [TEST_STEP][PASSED] - click(findTestObject("TORIS-328 Test Ship View - Experience Entry drop down menu/Page_Ship View/a_Experience Tracker")): Object: 'Object Repository/TORIS-328 Test Ship View - Experience Entry drop down menu/Page_Ship View/a_Experience Tracker' is clicked on

2019-01-02 14:14:30 - [MESSAGE][PASSED] - Object: 'Object Repository/TORIS-328 Test Ship View - Experience Entry drop down menu/Page_Ship View/a_Experience Tracker' is clicked on

2019-01-02 14:14:30 - [TEST_STEP][PASSED] - delay(10): Delayed 10 second(s)

2019-01-02 14:14:40 - [MESSAGE][PASSED] - Delayed 10 second(s)

2019-01-02 14:14:40 - [TEST_STEP][PASSED] - refresh(): Refresh successfully

2019-01-02 14:14:41 - [MESSAGE][PASSED] - Refresh successfully

2019-01-02 14:14:41 - [TEST_STEP][PASSED] - click(findTestObject("TORIS-328 Test Ship View - Experience Entry drop down menu/Page_Ship View/a_Experience Tracker")): Object: 'Object Repository/TORIS-328 Test Ship View - Experience Entry drop down menu/Page_Ship View/a_Experience Tracker' is clicked on

2019-01-02 14:14:41 - [MESSAGE][PASSED] - Object: 'Object Repository/TORIS-328 Test Ship View - Experience Entry drop down menu/Page_Ship View/a_Experience Tracker' is clicked on

2019-01-02 14:14:41 - [TEST_STEP][PASSED] - delay(10): Delayed 10 second(s)

2019-01-02 14:14:51 - [MESSAGE][PASSED] - Delayed 10 second(s)

2019-01-02 14:14:51 - [TEST_STEP][PASSED] - closeBrowser(): Browser is closed

2019-01-02 14:14:52 - [MESSAGE][PASSED] - Browser is closed]]></system-out>
         <system-err><![CDATA[]]></system-err>
      </testcase>
      <system-out><![CDATA[2019-01-02 14:14:19 - [TEST_SUITE][PASSED] - TORIS-328 Test Suite: Test Cases/TORIS-328 Test Ship View -  Experience Entry drop down menu]]></system-out>
      <system-err><![CDATA[]]></system-err>
   </testsuite>
</testsuites>
