<?xml version="1.0" encoding="UTF-8"?>
<testsuites name="TORIS-328 Test Suite" time="0" tests="0" failures="0" errors="0">
   <testsuite name="TORIS-328 Test Suite" tests="0" failures="0" errors="0" time="0" timestamp="2019-01-02 09:38:36" hostname="LEBBIE-PC$ - Lebbie-PC" id="Test Suites/TORIS-328 Test Suite">
      <properties>
         <property name="deviceName" value=""/>
         <property name="devicePlatform" value=""/>
         <property name="logFolder" value="C:\\Users\\Saa\\Katalon Studio\\ShipView\\Reports\\TORIS-328 Test Suite\\20190102_093829"/>
         <property name="logFiles" value="C:\\Users\\Saa\\Katalon Studio\\ShipView\\Reports\\TORIS-328 Test Suite\\20190102_093829\\execution0.log"/>
         <property name="attachments" value=""/>
         <property name="hostName" value="LEBBIE-PC$ - Lebbie-PC"/>
         <property name="hostAddress" value="10.0.75.1"/>
         <property name="os" value="Windows 10 64bit"/>
         <property name="katalonVersion" value="5.9.1.2"/>
      </properties>
      <system-out><![CDATA[2019-01-02 09:38:36 - [TEST_SUITE][PASSED] - TORIS-328 Test Suite: null]]></system-out>
      <system-err><![CDATA[]]></system-err>
   </testsuite>
</testsuites>
