<?xml version="1.0" encoding="UTF-8"?>
<testsuites name="TORIS-449 Test Suite" time="29" tests="1" failures="0" errors="0">
   <testsuite name="TORIS-449 Test Suite" tests="1" failures="0" errors="0" time="29" timestamp="2018-12-06 15:04:02" hostname="Saa - Lebbie-PC" id="Test Suites/TORIS-449 Test Suite">
      <properties>
         <property name="deviceName" value=""/>
         <property name="devicePlatform" value=""/>
         <property name="logFolder" value="C:\\Users\\Saa\\Katalon Studio\\ShipView\\Reports\\TORIS-449 Test Suite\\20181206_150356"/>
         <property name="logFiles" value="C:\\Users\\Saa\\Katalon Studio\\ShipView\\Reports\\TORIS-449 Test Suite\\20181206_150356\\execution0.log"/>
         <property name="attachments" value=""/>
         <property name="hostName" value="Saa - Lebbie-PC"/>
         <property name="os" value="Windows 10 64bit"/>
         <property name="katalonVersion" value="5.9.1.2"/>
         <property name="browser" value="Chrome 71.0.3578.80"/>
         <property name="hostAddress" value="10.0.75.1"/>
         <property name="sessionId" value="7d62961a5cb9cd93033ef6d81fccf811"/>
         <property name="seleniumVersion" value="3.7.1"/>
         <property name="proxyInformation" value="ProxyInformation{proxyOption=NO_PROXY, proxyServerType=HTTP, password=, proxyServerAddress=, proxyServerPort=0}"/>
         <property name="platform" value="Windows 10"/>
      </properties>
      <testcase name="Test Cases/TORIS-449 RE Expiration Tracker Ship filter functionality" classname="Test Cases/TORIS-449 RE Expiration Tracker Ship filter functionality" status="PASSED">
         <system-out><![CDATA[2018-12-06 15:04:02 - [TEST_CASE][PASSED] - Test Cases/TORIS-449 RE Expiration Tracker Ship filter functionality: Test Cases/TORIS-449 RE Expiration Tracker Ship filter functionality

2018-12-06 15:04:03 - [TEST_STEP][PASSED] - openBrowser(""): Browser is opened with url: ''

2018-12-06 15:04:03 - [MESSAGE][INFO] - Starting 'Chrome' driver

2018-12-06 15:04:03 - [MESSAGE][INFO] - Action delay is set to 0 seconds

2018-12-06 15:04:07 - [MESSAGE][PASSED] - Browser is opened with url: ''

2018-12-06 15:04:07 - [TEST_STEP][PASSED] - navigateToUrl("https://toris-demo.solute.us/Extranet/default.aspx?MSG=200"): Navigate to 'https://toris-demo.solute.us/Extranet/default.aspx?MSG=200' successfully

2018-12-06 15:04:10 - [MESSAGE][PASSED] - Navigate to 'https://toris-demo.solute.us/Extranet/default.aspx?MSG=200' successfully

2018-12-06 15:04:10 - [TEST_STEP][PASSED] - click(findTestObject("TORIS-449 RE Expiration Tracker Ship filter functionality/Page_ATG Extranet/input_Your session has expired")): Object: 'Object Repository/TORIS-449 RE Expiration Tracker Ship filter functionality/Page_ATG Extranet/input_Your session has expired' is clicked on

2018-12-06 15:04:13 - [MESSAGE][PASSED] - Object: 'Object Repository/TORIS-449 RE Expiration Tracker Ship filter functionality/Page_ATG Extranet/input_Your session has expired' is clicked on

2018-12-06 15:04:13 - [TEST_STEP][PASSED] - setText(findTestObject("TORIS-449 RE Expiration Tracker Ship filter functionality/Page_ATG Extranet/input_Username_ctl00cphtbx_use"), "Saa"): Text 'Saa' is set on object 'Object Repository/TORIS-449 RE Expiration Tracker Ship filter functionality/Page_ATG Extranet/input_Username_ctl00cphtbx_use'

2018-12-06 15:04:13 - [MESSAGE][PASSED] - Text 'Saa' is set on object 'Object Repository/TORIS-449 RE Expiration Tracker Ship filter functionality/Page_ATG Extranet/input_Username_ctl00cphtbx_use'

2018-12-06 15:04:13 - [TEST_STEP][PASSED] - setEncryptedText(findTestObject("TORIS-449 RE Expiration Tracker Ship filter functionality/Page_ATG Extranet/input_Password_ctl00cphtbx_pas"), "0cU2R0tWEjl49ICU6OTr2A=="): Text ****** has been set on object 'Object Repository/TORIS-449 RE Expiration Tracker Ship filter functionality/Page_ATG Extranet/input_Password_ctl00cphtbx_pas'

2018-12-06 15:04:13 - [MESSAGE][PASSED] - Text ****** has been set on object 'Object Repository/TORIS-449 RE Expiration Tracker Ship filter functionality/Page_ATG Extranet/input_Password_ctl00cphtbx_pas'

2018-12-06 15:04:13 - [TEST_STEP][PASSED] - click(findTestObject("TORIS-449 RE Expiration Tracker Ship filter functionality/Page_ATG Extranet/input_By entering the requeste")): Object: 'Object Repository/TORIS-449 RE Expiration Tracker Ship filter functionality/Page_ATG Extranet/input_By entering the requeste' is clicked on

2018-12-06 15:04:15 - [MESSAGE][PASSED] - Object: 'Object Repository/TORIS-449 RE Expiration Tracker Ship filter functionality/Page_ATG Extranet/input_By entering the requeste' is clicked on

2018-12-06 15:04:15 - [TEST_STEP][PASSED] - click(findTestObject("TORIS-449 RE Expiration Tracker Ship filter functionality/Page_ATG Extranet/a_Ship View")): Object: 'Object Repository/TORIS-449 RE Expiration Tracker Ship filter functionality/Page_ATG Extranet/a_Ship View' is clicked on

2018-12-06 15:04:16 - [MESSAGE][PASSED] - Object: 'Object Repository/TORIS-449 RE Expiration Tracker Ship filter functionality/Page_ATG Extranet/a_Ship View' is clicked on

2018-12-06 15:04:16 - [TEST_STEP][PASSED] - click(findTestObject("TORIS-449 RE Expiration Tracker Ship filter functionality/Page_Ship View/a_RE Expiration Tracker")): Object: 'Object Repository/TORIS-449 RE Expiration Tracker Ship filter functionality/Page_Ship View/a_RE Expiration Tracker' is clicked on

2018-12-06 15:04:17 - [MESSAGE][PASSED] - Object: 'Object Repository/TORIS-449 RE Expiration Tracker Ship filter functionality/Page_Ship View/a_RE Expiration Tracker' is clicked on

2018-12-06 15:04:17 - [TEST_STEP][PASSED] - click(findTestObject("TORIS-449 RE Expiration Tracker Ship filter functionality/Page_Ship View/div_ESSEX (LHD 2)Ship")): Object: 'Object Repository/TORIS-449 RE Expiration Tracker Ship filter functionality/Page_Ship View/div_ESSEX (LHD 2)Ship' is clicked on

2018-12-06 15:04:23 - [MESSAGE][PASSED] - Object: 'Object Repository/TORIS-449 RE Expiration Tracker Ship filter functionality/Page_Ship View/div_ESSEX (LHD 2)Ship' is clicked on

2018-12-06 15:04:23 - [TEST_STEP][PASSED] - delay(5): Delayed 5 second(s)

2018-12-06 15:04:28 - [MESSAGE][PASSED] - Delayed 5 second(s)

2018-12-06 15:04:28 - [TEST_STEP][PASSED] - sendKeys(findTestObject(null), "a"): Keys 'a' sent to object: 'tempBody'

2018-12-06 15:04:28 - [MESSAGE][WARNING] - Test object id is null

2018-12-06 15:04:28 - [MESSAGE][WARNING] - Test object with id 'Object Repository/' does not exist

2018-12-06 15:04:28 - [MESSAGE][PASSED] - Keys 'a' sent to object: 'tempBody'

2018-12-06 15:04:28 - [TEST_STEP][PASSED] - click(findTestObject("TORIS-449 RE Expiration Tracker Ship filter functionality/Page_Ship View/span_ANZIO (CG 68)")): Object: 'Object Repository/TORIS-449 RE Expiration Tracker Ship filter functionality/Page_Ship View/span_ANZIO (CG 68)' is clicked on

2018-12-06 15:04:28 - [MESSAGE][PASSED] - Object: 'Object Repository/TORIS-449 RE Expiration Tracker Ship filter functionality/Page_Ship View/span_ANZIO (CG 68)' is clicked on

2018-12-06 15:04:28 - [TEST_STEP][PASSED] - click(findTestObject("TORIS-449 RE Expiration Tracker Ship filter functionality/Page_Ship View/div_ANZIO (CG 68)Ship")): Object: 'Object Repository/TORIS-449 RE Expiration Tracker Ship filter functionality/Page_Ship View/div_ANZIO (CG 68)Ship' is clicked on

2018-12-06 15:04:29 - [MESSAGE][PASSED] - Object: 'Object Repository/TORIS-449 RE Expiration Tracker Ship filter functionality/Page_Ship View/div_ANZIO (CG 68)Ship' is clicked on

2018-12-06 15:04:29 - [TEST_STEP][PASSED] - click(findTestObject("TORIS-449 RE Expiration Tracker Ship filter functionality/Page_Ship View/span_ARLEIGH BURKE (DDG 51)")): Object: 'Object Repository/TORIS-449 RE Expiration Tracker Ship filter functionality/Page_Ship View/span_ARLEIGH BURKE (DDG 51)' is clicked on

2018-12-06 15:04:29 - [MESSAGE][PASSED] - Object: 'Object Repository/TORIS-449 RE Expiration Tracker Ship filter functionality/Page_Ship View/span_ARLEIGH BURKE (DDG 51)' is clicked on

2018-12-06 15:04:29 - [TEST_STEP][PASSED] - click(findTestObject("TORIS-449 RE Expiration Tracker Ship filter functionality/Page_Ship View/div_ARLEIGH BURKE (DDG 51)Ship")): Object: 'Object Repository/TORIS-449 RE Expiration Tracker Ship filter functionality/Page_Ship View/div_ARLEIGH BURKE (DDG 51)Ship' is clicked on

2018-12-06 15:04:29 - [MESSAGE][PASSED] - Object: 'Object Repository/TORIS-449 RE Expiration Tracker Ship filter functionality/Page_Ship View/div_ARLEIGH BURKE (DDG 51)Ship' is clicked on

2018-12-06 15:04:29 - [TEST_STEP][PASSED] - click(findTestObject("TORIS-449 RE Expiration Tracker Ship filter functionality/Page_Ship View/span_ARLINGTON (LPD 24)")): Object: 'Object Repository/TORIS-449 RE Expiration Tracker Ship filter functionality/Page_Ship View/span_ARLINGTON (LPD 24)' is clicked on

2018-12-06 15:04:30 - [MESSAGE][PASSED] - Object: 'Object Repository/TORIS-449 RE Expiration Tracker Ship filter functionality/Page_Ship View/span_ARLINGTON (LPD 24)' is clicked on

2018-12-06 15:04:30 - [TEST_STEP][PASSED] - click(findTestObject("TORIS-449 RE Expiration Tracker Ship filter functionality/Page_Ship View/div_ARLINGTON (LPD 24)Ship")): Object: 'Object Repository/TORIS-449 RE Expiration Tracker Ship filter functionality/Page_Ship View/div_ARLINGTON (LPD 24)Ship' is clicked on

2018-12-06 15:04:30 - [MESSAGE][PASSED] - Object: 'Object Repository/TORIS-449 RE Expiration Tracker Ship filter functionality/Page_Ship View/div_ARLINGTON (LPD 24)Ship' is clicked on

2018-12-06 15:04:30 - [TEST_STEP][PASSED] - sendKeys(findTestObject(null), "m"): Keys 'm' sent to object: 'tempBody'

2018-12-06 15:04:30 - [MESSAGE][WARNING] - Test object id is null

2018-12-06 15:04:30 - [MESSAGE][WARNING] - Test object with id 'Object Repository/' does not exist

2018-12-06 15:04:30 - [MESSAGE][PASSED] - Keys 'm' sent to object: 'tempBody'

2018-12-06 15:04:30 - [TEST_STEP][PASSED] - click(findTestObject("TORIS-449 RE Expiration Tracker Ship filter functionality/Page_Ship View/span_MAHAN (DDG 72)")): Object: 'Object Repository/TORIS-449 RE Expiration Tracker Ship filter functionality/Page_Ship View/span_MAHAN (DDG 72)' is clicked on

2018-12-06 15:04:30 - [MESSAGE][PASSED] - Object: 'Object Repository/TORIS-449 RE Expiration Tracker Ship filter functionality/Page_Ship View/span_MAHAN (DDG 72)' is clicked on

2018-12-06 15:04:30 - [TEST_STEP][PASSED] - click(findTestObject("TORIS-449 RE Expiration Tracker Ship filter functionality/Page_Ship View/div_MAHAN (DDG 72)Ship")): Object: 'Object Repository/TORIS-449 RE Expiration Tracker Ship filter functionality/Page_Ship View/div_MAHAN (DDG 72)Ship' is clicked on

2018-12-06 15:04:30 - [MESSAGE][PASSED] - Object: 'Object Repository/TORIS-449 RE Expiration Tracker Ship filter functionality/Page_Ship View/div_MAHAN (DDG 72)Ship' is clicked on

2018-12-06 15:04:30 - [TEST_STEP][PASSED] - click(findTestObject("TORIS-449 RE Expiration Tracker Ship filter functionality/Page_Ship View/span_MAKIN ISLAND (LHD 8)")): Object: 'Object Repository/TORIS-449 RE Expiration Tracker Ship filter functionality/Page_Ship View/span_MAKIN ISLAND (LHD 8)' is clicked on

2018-12-06 15:04:31 - [MESSAGE][PASSED] - Object: 'Object Repository/TORIS-449 RE Expiration Tracker Ship filter functionality/Page_Ship View/span_MAKIN ISLAND (LHD 8)' is clicked on

2018-12-06 15:04:31 - [TEST_STEP][PASSED] - click(findTestObject("TORIS-449 RE Expiration Tracker Ship filter functionality/Page_Ship View/div_MAKIN ISLAND (LHD 8)Ship")): Object: 'Object Repository/TORIS-449 RE Expiration Tracker Ship filter functionality/Page_Ship View/div_MAKIN ISLAND (LHD 8)Ship' is clicked on

2018-12-06 15:04:31 - [MESSAGE][PASSED] - Object: 'Object Repository/TORIS-449 RE Expiration Tracker Ship filter functionality/Page_Ship View/div_MAKIN ISLAND (LHD 8)Ship' is clicked on

2018-12-06 15:04:31 - [TEST_STEP][PASSED] - click(findTestObject("TORIS-449 RE Expiration Tracker Ship filter functionality/Page_Ship View/span_MASON (DDG 87)")): Object: 'Object Repository/TORIS-449 RE Expiration Tracker Ship filter functionality/Page_Ship View/span_MASON (DDG 87)' is clicked on

2018-12-06 15:04:31 - [MESSAGE][PASSED] - Object: 'Object Repository/TORIS-449 RE Expiration Tracker Ship filter functionality/Page_Ship View/span_MASON (DDG 87)' is clicked on]]></system-out>
         <system-err><![CDATA[]]></system-err>
      </testcase>
      <system-out><![CDATA[2018-12-06 15:04:02 - [TEST_SUITE][PASSED] - TORIS-449 Test Suite: Test Cases/TORIS-449 RE Expiration Tracker Ship filter functionality]]></system-out>
      <system-err><![CDATA[]]></system-err>
   </testsuite>
</testsuites>
